{
  "stats": {
    "suites": 12,
    "tests": 41,
    "passes": 27,
    "pending": 0,
    "failures": 14,
    "start": "2022-10-24T21:02:03.380Z",
    "end": "2022-10-24T21:03:22.886Z",
    "duration": 79506,
    "testsRegistered": 41,
    "passPercent": 65.85365853658537,
    "pendingPercent": 0,
    "other": 0,
    "hasOther": false,
    "skipped": 0,
    "hasSkipped": false
  },
  "results": [
    {
      "uuid": "4c9db62d-ed10-4358-8b7b-767513ef24da",
      "title": "",
      "fullFile": "cypress/integration/project.spec.js",
      "file": "cypress/integration/project.spec.js",
      "beforeHooks": [],
      "afterHooks": [],
      "tests": [],
      "suites": [
        {
          "uuid": "c7765ac9-3ed2-46ee-a35d-7cc27893867d",
          "title": "1 - Adicione à página o título \"Paleta de Cores\".",
          "fullFile": "",
          "file": "",
          "beforeHooks": [],
          "afterHooks": [],
          "tests": [
            {
              "title": "Verifica se contém um elemento `h1` com o id `title` com o título correto",
              "fullTitle": "1 - Adicione à página o título \"Paleta de Cores\". Verifica se contém um elemento `h1` com o id `title` com o título correto",
              "timedOut": null,
              "duration": 289,
              "state": "passed",
              "speed": "slow",
              "pass": true,
              "fail": false,
              "pending": false,
              "context": null,
              "code": "cy.get('h1#title').should('contain.text', 'Paleta de Cores');",
              "err": {},
              "uuid": "5cb8a454-7a75-41f1-93f5-91d9fe4c72ff",
              "parentUUID": "c7765ac9-3ed2-46ee-a35d-7cc27893867d",
              "isHook": false,
              "skipped": false
            }
          ],
          "suites": [],
          "passes": [
            "5cb8a454-7a75-41f1-93f5-91d9fe4c72ff"
          ],
          "failures": [],
          "pending": [],
          "skipped": [],
          "duration": 289,
          "root": false,
          "rootEmpty": false,
          "_timeout": 2000
        },
        {
          "uuid": "3200ddb8-30a8-4620-bf93-4b421777a0b3",
          "title": "2 - Adicione à página uma paleta de quatro cores distintas.",
          "fullFile": "",
          "file": "",
          "beforeHooks": [],
          "afterHooks": [],
          "tests": [
            {
              "title": "A paleta de cores deve ser um elemento com `id` denominado `color-palette`",
              "fullTitle": "2 - Adicione à página uma paleta de quatro cores distintas. A paleta de cores deve ser um elemento com `id` denominado `color-palette`",
              "timedOut": null,
              "duration": 294,
              "state": "passed",
              "speed": "slow",
              "pass": true,
              "fail": false,
              "pending": false,
              "context": null,
              "code": "cy.get('#color-palette').should('be.visible');",
              "err": {},
              "uuid": "23fc094a-3f86-42b9-9b89-fa69106d1d85",
              "parentUUID": "3200ddb8-30a8-4620-bf93-4b421777a0b3",
              "isHook": false,
              "skipped": false
            },
            {
              "title": "Verifica se cada cor individual da paleta de cores possui a `classe` chamada `color`.",
              "fullTitle": "2 - Adicione à página uma paleta de quatro cores distintas. Verifica se cada cor individual da paleta de cores possui a `classe` chamada `color`.",
              "timedOut": null,
              "duration": 177,
              "state": "passed",
              "speed": "slow",
              "pass": true,
              "fail": false,
              "pending": false,
              "context": null,
              "code": "cy.get('.color').should('have.length', 4).then(function (colors) {\n  for (var i = 0; i < colors.length; i++) {\n    cy.wrap(colors[i]).should('be.visible');\n  }\n});",
              "err": {},
              "uuid": "c0839e4f-6ef2-40dd-ab2d-92b115fbb25e",
              "parentUUID": "3200ddb8-30a8-4620-bf93-4b421777a0b3",
              "isHook": false,
              "skipped": false
            },
            {
              "title": "Verifica se a cor de fundo de cada elemento da paleta é a cor que o elemento representa. **A única cor não permitida na paleta é a cor branca.**",
              "fullTitle": "2 - Adicione à página uma paleta de quatro cores distintas. Verifica se a cor de fundo de cada elemento da paleta é a cor que o elemento representa. **A única cor não permitida na paleta é a cor branca.**",
              "timedOut": null,
              "duration": 145,
              "state": "passed",
              "speed": "slow",
              "pass": true,
              "fail": false,
              "pending": false,
              "context": null,
              "code": "cy.get('.color').each(function (color) {\n  cy.wrap(color).should('have.class', 'color').and('not.have.css', 'background-color', WHITE);\n  cy.wrap(color).should('have.css', 'background-color');\n});",
              "err": {},
              "uuid": "d46784a8-2540-4661-8dcd-91d683588618",
              "parentUUID": "3200ddb8-30a8-4620-bf93-4b421777a0b3",
              "isHook": false,
              "skipped": false
            },
            {
              "title": "Verifica se cada elemento da paleta de cores tem uma borda preta, sólida e com 1 pixel de largura;",
              "fullTitle": "2 - Adicione à página uma paleta de quatro cores distintas. Verifica se cada elemento da paleta de cores tem uma borda preta, sólida e com 1 pixel de largura;",
              "timedOut": null,
              "duration": 129,
              "state": "passed",
              "speed": "slow",
              "pass": true,
              "fail": false,
              "pending": false,
              "context": null,
              "code": "cy.get('.color').each(function (color) {\n  cy.wrap(color).and('have.css', 'border', \"1px solid \".concat(BLACK)).and('have.class', 'color');\n});",
              "err": {},
              "uuid": "64e89280-6793-4049-8bfe-93408380f409",
              "parentUUID": "3200ddb8-30a8-4620-bf93-4b421777a0b3",
              "isHook": false,
              "skipped": false
            },
            {
              "title": "Verifica se a paleta lista todas as cores disponíveis para utilização, lado a lado.",
              "fullTitle": "2 - Adicione à página uma paleta de quatro cores distintas. Verifica se a paleta lista todas as cores disponíveis para utilização, lado a lado.",
              "timedOut": null,
              "duration": 100,
              "state": "passed",
              "speed": "slow",
              "pass": true,
              "fail": false,
              "pending": false,
              "context": null,
              "code": "cy.get('.color').then(function (colors) {\n  for (var index = 1; index < colors.length; index += 1) {\n    var currentColor = colors[index];\n    var previousColor = colors[index - 1];\n    cy.wrap(currentColor).should('be.onTheRightOf', previousColor).and('be.horizontallyAlignedWith', previousColor);\n  }\n});",
              "err": {},
              "uuid": "7b051579-75ff-4101-becf-7e818ecd4036",
              "parentUUID": "3200ddb8-30a8-4620-bf93-4b421777a0b3",
              "isHook": false,
              "skipped": false
            },
            {
              "title": "Verifica se a paleta de cores está posicionada abaixo do título 'Paleta de Cores'",
              "fullTitle": "2 - Adicione à página uma paleta de quatro cores distintas. Verifica se a paleta de cores está posicionada abaixo do título 'Paleta de Cores'",
              "timedOut": null,
              "duration": 152,
              "state": "passed",
              "speed": "slow",
              "pass": true,
              "fail": false,
              "pending": false,
              "context": null,
              "code": "cy.get('h1#title').then(function (title) {\n  cy.get('#color-palette').should('be.belowOf', title);\n});",
              "err": {},
              "uuid": "fd36bf22-98a5-462c-9cef-feab1de68447",
              "parentUUID": "3200ddb8-30a8-4620-bf93-4b421777a0b3",
              "isHook": false,
              "skipped": false
            },
            {
              "title": "Verifica se a paleta de cores não contém cores repetidas.",
              "fullTitle": "2 - Adicione à página uma paleta de quatro cores distintas. Verifica se a paleta de cores não contém cores repetidas.",
              "timedOut": null,
              "duration": 94,
              "state": "passed",
              "speed": "slow",
              "pass": true,
              "fail": false,
              "pending": false,
              "context": null,
              "code": "cy.get('.color').then(function (colors) {\n  var allColors = Array.from(colors).map(function (color) {\n    return Cypress.$(color).css('background-color');\n  });\n  cy.log(allColors);\n  var uniqColors = (0, _toConsumableArray2[\"default\"])(new Set(allColors));\n  cy.log(uniqColors);\n  expect(allColors.length).to.eq(uniqColors.length);\n});",
              "err": {},
              "uuid": "0334836d-6c5b-4300-8652-9d17c52e73b8",
              "parentUUID": "3200ddb8-30a8-4620-bf93-4b421777a0b3",
              "isHook": false,
              "skipped": false
            }
          ],
          "suites": [],
          "passes": [
            "23fc094a-3f86-42b9-9b89-fa69106d1d85",
            "c0839e4f-6ef2-40dd-ab2d-92b115fbb25e",
            "d46784a8-2540-4661-8dcd-91d683588618",
            "64e89280-6793-4049-8bfe-93408380f409",
            "7b051579-75ff-4101-becf-7e818ecd4036",
            "fd36bf22-98a5-462c-9cef-feab1de68447",
            "0334836d-6c5b-4300-8652-9d17c52e73b8"
          ],
          "failures": [],
          "pending": [],
          "skipped": [],
          "duration": 1091,
          "root": false,
          "rootEmpty": false,
          "_timeout": 2000
        },
        {
          "uuid": "e94c21ac-50a0-475c-b83b-80c015a555bb",
          "title": "3 - Adicione a cor **preta** como a primeira cor da paleta de cores.",
          "fullFile": "",
          "file": "",
          "beforeHooks": [],
          "afterHooks": [],
          "tests": [
            {
              "title": "Verifica se a primeira cor da paleta é preta",
              "fullTitle": "3 - Adicione a cor **preta** como a primeira cor da paleta de cores. Verifica se a primeira cor da paleta é preta",
              "timedOut": null,
              "duration": 104,
              "state": "passed",
              "speed": "slow",
              "pass": true,
              "fail": false,
              "pending": false,
              "context": null,
              "code": "cy.get('.color').first().should('have.css', 'background-color', BLACK);",
              "err": {},
              "uuid": "b175606b-2581-4814-97d6-0af94eb8e148",
              "parentUUID": "e94c21ac-50a0-475c-b83b-80c015a555bb",
              "isHook": false,
              "skipped": false
            },
            {
              "title": "Verifica se as demais cores podem ser escolhidas livremente.",
              "fullTitle": "3 - Adicione a cor **preta** como a primeira cor da paleta de cores. Verifica se as demais cores podem ser escolhidas livremente.",
              "timedOut": null,
              "duration": 205,
              "state": "passed",
              "speed": "slow",
              "pass": true,
              "fail": false,
              "pending": false,
              "context": null,
              "code": "cy.get('.color').eq(1).should('not.have.css', 'background-color', BLACK);\ncy.get('.color').eq(1).should('not.have.css', 'background-color', WHITE);\ncy.get('.color').eq(1).should('not.have.css', 'background-color', 'rgba(0, 0, 0, 0)');\ncy.get('.color').eq(1).should('have.css', 'background-color');\ncy.get('.color').eq(2).should('not.have.css', 'background-color', BLACK);\ncy.get('.color').eq(2).should('not.have.css', 'background-color', WHITE);\ncy.get('.color').eq(2).should('not.have.css', 'background-color', 'rgba(0, 0, 0, 0)');\ncy.get('.color').eq(2).should('have.css', 'background-color');\ncy.get('.color').eq(3).should('not.have.css', 'background-color', BLACK);\ncy.get('.color').eq(3).should('not.have.css', 'background-color', WHITE);\ncy.get('.color').eq(3).should('not.have.css', 'background-color', 'rgba(0, 0, 0, 0)');\ncy.get('.color').eq(3).should('have.css', 'background-color');",
              "err": {},
              "uuid": "c3db5e62-f1ac-4f49-bb9a-0ca7c595b1cc",
              "parentUUID": "e94c21ac-50a0-475c-b83b-80c015a555bb",
              "isHook": false,
              "skipped": false
            }
          ],
          "suites": [],
          "passes": [
            "b175606b-2581-4814-97d6-0af94eb8e148",
            "c3db5e62-f1ac-4f49-bb9a-0ca7c595b1cc"
          ],
          "failures": [],
          "pending": [],
          "skipped": [],
          "duration": 309,
          "root": false,
          "rootEmpty": false,
          "_timeout": 2000
        },
        {
          "uuid": "d478d696-6a85-4c24-b242-9931c3b6acac",
          "title": "4 - Adicione à página um quadro de pixels, com 25 pixels.",
          "fullFile": "",
          "file": "",
          "beforeHooks": [],
          "afterHooks": [],
          "tests": [
            {
              "title": "Verifica se o quadro de pixels possui o `id` denominado `pixel-board`",
              "fullTitle": "4 - Adicione à página um quadro de pixels, com 25 pixels. Verifica se o quadro de pixels possui o `id` denominado `pixel-board`",
              "timedOut": null,
              "duration": 105,
              "state": "passed",
              "speed": "slow",
              "pass": true,
              "fail": false,
              "pending": false,
              "context": null,
              "code": "cy.get('#pixel-board').should('be.visible');",
              "err": {},
              "uuid": "8e8cde49-bb51-4f67-8f59-ae49e61d683e",
              "parentUUID": "d478d696-6a85-4c24-b242-9931c3b6acac",
              "isHook": false,
              "skipped": false
            },
            {
              "title": "Verifica se cada pixel individual dentro do quadro possui a `classe` denominada `pixel`.",
              "fullTitle": "4 - Adicione à página um quadro de pixels, com 25 pixels. Verifica se cada pixel individual dentro do quadro possui a `classe` denominada `pixel`.",
              "timedOut": null,
              "duration": 154,
              "state": "passed",
              "speed": "slow",
              "pass": true,
              "fail": false,
              "pending": false,
              "context": null,
              "code": "cy.get('.pixel').should('have.length', 25);",
              "err": {},
              "uuid": "d962b188-ee2a-4b7f-b8fb-13dbe46c865b",
              "parentUUID": "d478d696-6a85-4c24-b242-9931c3b6acac",
              "isHook": false,
              "skipped": false
            },
            {
              "title": "Verifica se a cor inicial dos pixels dentro do quadro, ao abrir a página, é branca.",
              "fullTitle": "4 - Adicione à página um quadro de pixels, com 25 pixels. Verifica se a cor inicial dos pixels dentro do quadro, ao abrir a página, é branca.",
              "timedOut": null,
              "duration": 186,
              "state": "passed",
              "speed": "slow",
              "pass": true,
              "fail": false,
              "pending": false,
              "context": null,
              "code": "cy.get('.pixel').should('have.length', 25).each(function (pixel) {\n  expect(pixel).to.have.css('background-color', WHITE);\n});",
              "err": {},
              "uuid": "a144f8c4-5199-4b67-b9f8-89bb6b2bcf22",
              "parentUUID": "d478d696-6a85-4c24-b242-9931c3b6acac",
              "isHook": false,
              "skipped": false
            },
            {
              "title": "Verifica se o quadro de pixels aparece abaixo da paleta de cores",
              "fullTitle": "4 - Adicione à página um quadro de pixels, com 25 pixels. Verifica se o quadro de pixels aparece abaixo da paleta de cores",
              "timedOut": null,
              "duration": 121,
              "state": "passed",
              "speed": "slow",
              "pass": true,
              "fail": false,
              "pending": false,
              "context": null,
              "code": "cy.get('#color-palette').then(function (palette) {\n  cy.get('#pixel-board').should('be.belowOf', palette);\n});",
              "err": {},
              "uuid": "837ca984-4031-4f68-ad00-bf457d613bd4",
              "parentUUID": "d478d696-6a85-4c24-b242-9931c3b6acac",
              "isHook": false,
              "skipped": false
            }
          ],
          "suites": [],
          "passes": [
            "8e8cde49-bb51-4f67-8f59-ae49e61d683e",
            "d962b188-ee2a-4b7f-b8fb-13dbe46c865b",
            "a144f8c4-5199-4b67-b9f8-89bb6b2bcf22",
            "837ca984-4031-4f68-ad00-bf457d613bd4"
          ],
          "failures": [],
          "pending": [],
          "skipped": [],
          "duration": 566,
          "root": false,
          "rootEmpty": false,
          "_timeout": 2000
        },
        {
          "uuid": "d8be1c9e-57fd-4062-88e5-f69e3de8b28e",
          "title": "5 - Faça com que cada elemento do quadro de pixels possua 40 pixels de largura, 40 pixels de altura e seja delimitado por uma borda preta de 1 pixel.",
          "fullFile": "",
          "file": "",
          "beforeHooks": [],
          "afterHooks": [],
          "tests": [
            {
              "title": "Verifica se o quadro de pixels tem altura e comprimento de 5 elementos",
              "fullTitle": "5 - Faça com que cada elemento do quadro de pixels possua 40 pixels de largura, 40 pixels de altura e seja delimitado por uma borda preta de 1 pixel. Verifica se o quadro de pixels tem altura e comprimento de 5 elementos",
              "timedOut": null,
              "duration": 293,
              "state": "passed",
              "speed": "slow",
              "pass": true,
              "fail": false,
              "pending": false,
              "context": null,
              "code": "cy.get('.pixel').should('have.length', 25).each(function (pixel) {\n  expect(pixel).to.have.css('background-color', WHITE);\n}).and(function (pixels) {\n  var rows = chunk(pixels, 5);\n  rows.forEach(function (row) {\n    for (var index = 1; index < row.length; index += 1) {\n      var current = pixels[index];\n      var previous = pixels[index - 1];\n      cy.wrap(current).should('be.onTheRightOf', previous).and('be.horizontallyAlignedWith', previous);\n    }\n  });\n  for (var index = 1; index < 5; index += 1) {\n    expect(pixels[index * 5]).to.be.belowOf(pixels[(index - 1) * 5]);\n  }\n});",
              "err": {},
              "uuid": "3e17cb9e-f890-4873-a7ef-bec87f6622df",
              "parentUUID": "d8be1c9e-57fd-4062-88e5-f69e3de8b28e",
              "isHook": false,
              "skipped": false
            },
            {
              "title": "Verifica se 40 pixels é o tamanho total do elemento, incluindo seu conteúdo e excluindo a borda preta, que deve ser criada à parte.",
              "fullTitle": "5 - Faça com que cada elemento do quadro de pixels possua 40 pixels de largura, 40 pixels de altura e seja delimitado por uma borda preta de 1 pixel. Verifica se 40 pixels é o tamanho total do elemento, incluindo seu conteúdo e excluindo a borda preta, que deve ser criada à parte.",
              "timedOut": null,
              "duration": 276,
              "state": "passed",
              "speed": "slow",
              "pass": true,
              "fail": false,
              "pending": false,
              "context": null,
              "code": "cy.get('.pixel').each(function (pixel) {\n  cy.wrap(pixel).should('have.css', 'height', '40px').and('have.css', 'width', '40px').and('have.css', 'border', \"1px solid \".concat(BLACK));\n});",
              "err": {},
              "uuid": "4947f91f-213f-4709-9ef7-c43b513e8582",
              "parentUUID": "d8be1c9e-57fd-4062-88e5-f69e3de8b28e",
              "isHook": false,
              "skipped": false
            }
          ],
          "suites": [],
          "passes": [
            "3e17cb9e-f890-4873-a7ef-bec87f6622df",
            "4947f91f-213f-4709-9ef7-c43b513e8582"
          ],
          "failures": [],
          "pending": [],
          "skipped": [],
          "duration": 569,
          "root": false,
          "rootEmpty": false,
          "_timeout": 2000
        },
        {
          "uuid": "04db2169-bf05-48f0-9285-24d973b963d0",
          "title": "6 - Defina a cor preta como cor inicial. Ao carregar a página a cor preta já deve estar selecionada para pintar os pixels",
          "fullFile": "",
          "file": "",
          "beforeHooks": [],
          "afterHooks": [],
          "tests": [
            {
              "title": "Verifica se o elemento da cor preta possui, inicialmente, a `classe` `selected`",
              "fullTitle": "6 - Defina a cor preta como cor inicial. Ao carregar a página a cor preta já deve estar selecionada para pintar os pixels Verifica se o elemento da cor preta possui, inicialmente, a `classe` `selected`",
              "timedOut": null,
              "duration": 96,
              "state": "passed",
              "speed": "slow",
              "pass": true,
              "fail": false,
              "pending": false,
              "context": null,
              "code": "cy.get('.selected').first().should('have.css', 'background-color', BLACK);",
              "err": {},
              "uuid": "cc416270-33dc-4264-ae49-1d0511fc69d3",
              "parentUUID": "04db2169-bf05-48f0-9285-24d973b963d0",
              "isHook": false,
              "skipped": false
            },
            {
              "title": "Verifica se nenhuma outra cor da paleta tem a `classe` `selected`",
              "fullTitle": "6 - Defina a cor preta como cor inicial. Ao carregar a página a cor preta já deve estar selecionada para pintar os pixels Verifica se nenhuma outra cor da paleta tem a `classe` `selected`",
              "timedOut": null,
              "duration": 104,
              "state": "passed",
              "speed": "slow",
              "pass": true,
              "fail": false,
              "pending": false,
              "context": null,
              "code": "cy.get('.color:not(:first-child)').each(function (color) {\n  cy.wrap(color).should('not.have.class', 'selected');\n});",
              "err": {},
              "uuid": "2847c6b4-de50-4187-9a44-b25293c6e0be",
              "parentUUID": "04db2169-bf05-48f0-9285-24d973b963d0",
              "isHook": false,
              "skipped": false
            }
          ],
          "suites": [],
          "passes": [
            "cc416270-33dc-4264-ae49-1d0511fc69d3",
            "2847c6b4-de50-4187-9a44-b25293c6e0be"
          ],
          "failures": [],
          "pending": [],
          "skipped": [],
          "duration": 200,
          "root": false,
          "rootEmpty": false,
          "_timeout": 2000
        },
        {
          "uuid": "2fdf006d-77df-4b85-9c8b-fca748e2776f",
          "title": "7 - Clicar em uma das cores da paleta, faz com que ela seja selecionada e utilizada para preencher os pixels no quadro.",
          "fullFile": "",
          "file": "",
          "beforeHooks": [],
          "afterHooks": [],
          "tests": [
            {
              "title": "Verifica se somente uma cor da paleta de cores tem a classe `selected` de cada vez",
              "fullTitle": "7 - Clicar em uma das cores da paleta, faz com que ela seja selecionada e utilizada para preencher os pixels no quadro. Verifica se somente uma cor da paleta de cores tem a classe `selected` de cada vez",
              "timedOut": null,
              "duration": 485,
              "state": "passed",
              "speed": "slow",
              "pass": true,
              "fail": false,
              "pending": false,
              "context": null,
              "code": "cy.get('.color').each(function (selectedColor, selectedColorIndex) {\n  cy.wrap(selectedColor).click();\n  cy.get('.color').each(function (color, colorIndex) {\n    if (colorIndex === selectedColorIndex) {\n      expect(color).to.have[\"class\"]('selected');\n    } else {\n      expect(color).not.to.have[\"class\"]('selected');\n    }\n  });\n});",
              "err": {},
              "uuid": "43641e03-f832-4d06-bf3c-cabb76548b03",
              "parentUUID": "2fdf006d-77df-4b85-9c8b-fca748e2776f",
              "isHook": false,
              "skipped": false
            },
            {
              "title": "Verifica se os pixels dentro do quadro não têm a classe `selected` quando são clicados",
              "fullTitle": "7 - Clicar em uma das cores da paleta, faz com que ela seja selecionada e utilizada para preencher os pixels no quadro. Verifica se os pixels dentro do quadro não têm a classe `selected` quando são clicados",
              "timedOut": null,
              "duration": 8518,
              "state": "passed",
              "speed": "slow",
              "pass": true,
              "fail": false,
              "pending": false,
              "context": null,
              "code": "cy.get('.color').each(function (color) {\n  var backgroundColor = color.css('background-color');\n  cy.wrap(color).click();\n  cy.get('.pixel').each(function (pixel) {\n    cy.wrap(pixel).click().should('not.have.class', 'selected');\n  });\n});",
              "err": {},
              "uuid": "12c3950c-cd45-4394-ac08-0174f0878e05",
              "parentUUID": "2fdf006d-77df-4b85-9c8b-fca748e2776f",
              "isHook": false,
              "skipped": false
            }
          ],
          "suites": [],
          "passes": [
            "43641e03-f832-4d06-bf3c-cabb76548b03",
            "12c3950c-cd45-4394-ac08-0174f0878e05"
          ],
          "failures": [],
          "pending": [],
          "skipped": [],
          "duration": 9003,
          "root": false,
          "rootEmpty": false,
          "_timeout": 2000
        },
        {
          "uuid": "e91a2426-1ecd-4660-af02-2d12c7f3a568",
          "title": "8 - Clicar em um pixel dentro do quadro após selecionar uma cor na paleta, faz com que o pixel seja preenchido com a cor selecionada.",
          "fullFile": "",
          "file": "",
          "beforeHooks": [],
          "afterHooks": [],
          "tests": [
            {
              "title": "Verifica se ao carregar a página deve ser possível pintar os pixels de preto",
              "fullTitle": "8 - Clicar em um pixel dentro do quadro após selecionar uma cor na paleta, faz com que o pixel seja preenchido com a cor selecionada. Verifica se ao carregar a página deve ser possível pintar os pixels de preto",
              "timedOut": null,
              "duration": 2150,
              "state": "passed",
              "speed": "slow",
              "pass": true,
              "fail": false,
              "pending": false,
              "context": null,
              "code": "cy.get('.pixel').each(function (pixel) {\n  cy.wrap(pixel).click().should('have.css', 'background-color', BLACK);\n});",
              "err": {},
              "uuid": "1dca17cf-7782-40e8-ab5e-cd06a91ab693",
              "parentUUID": "e91a2426-1ecd-4660-af02-2d12c7f3a568",
              "isHook": false,
              "skipped": false
            },
            {
              "title": "Verifica se após selecionar uma outra cor na paleta, é possível pintar os pixels com essa cor",
              "fullTitle": "8 - Clicar em um pixel dentro do quadro após selecionar uma cor na paleta, faz com que o pixel seja preenchido com a cor selecionada. Verifica se após selecionar uma outra cor na paleta, é possível pintar os pixels com essa cor",
              "timedOut": null,
              "duration": 8396,
              "state": "passed",
              "speed": "slow",
              "pass": true,
              "fail": false,
              "pending": false,
              "context": null,
              "code": "cy.get('.color').each(function (color) {\n  var backgroundColor = color.css('background-color');\n  cy.wrap(color).click();\n  cy.get('.pixel').each(function (pixel) {\n    cy.wrap(pixel).click().should('have.css', 'background-color', backgroundColor);\n  });\n});",
              "err": {},
              "uuid": "fb3ecc81-9abe-43b3-bd72-654d17c69fa8",
              "parentUUID": "e91a2426-1ecd-4660-af02-2d12c7f3a568",
              "isHook": false,
              "skipped": false
            },
            {
              "title": "Verifica se somente o pixel que foi clicado foi preenchido com a cor selecionada, sem influenciar na cor dos demais pixels.",
              "fullTitle": "8 - Clicar em um pixel dentro do quadro após selecionar uma cor na paleta, faz com que o pixel seja preenchido com a cor selecionada. Verifica se somente o pixel que foi clicado foi preenchido com a cor selecionada, sem influenciar na cor dos demais pixels.",
              "timedOut": null,
              "duration": 1392,
              "state": "passed",
              "speed": "slow",
              "pass": true,
              "fail": false,
              "pending": false,
              "context": null,
              "code": "var colorToPixelIndexMap = {\n  0: 6,\n  1: 8,\n  2: 16,\n  3: 18\n};\ncy.get('.color').each(function (color, index) {\n  cy.wrap(color).click();\n  var backgroundColor = color.css('background-color');\n  var clickedPixelIndex = colorToPixelIndexMap[index];\n  cy.get('.pixel').eq(clickedPixelIndex).click();\n  cy.get('.pixel').eq(clickedPixelIndex - 1).should('not.have.css', 'background-color', backgroundColor);\n  cy.get('.pixel').eq(clickedPixelIndex + 1).should('not.have.css', 'background-color', backgroundColor);\n  cy.get('.pixel').eq(clickedPixelIndex - 5).should('not.have.css', 'background-color', backgroundColor);\n  cy.get('.pixel').eq(clickedPixelIndex + 5).should('not.have.css', 'background-color', backgroundColor);\n  cy.get('.pixel').eq(clickedPixelIndex - 6).should('not.have.css', 'background-color', backgroundColor);\n  cy.get('.pixel').eq(clickedPixelIndex - 4).should('not.have.css', 'background-color', backgroundColor);\n  cy.get('.pixel').eq(clickedPixelIndex + 4).should('not.have.css', 'background-color', backgroundColor);\n  cy.get('.pixel').eq(clickedPixelIndex + 6).should('not.have.css', 'background-color', backgroundColor);\n});",
              "err": {},
              "uuid": "fbce5a43-ddf7-4ec3-854c-01be31ae13c0",
              "parentUUID": "e91a2426-1ecd-4660-af02-2d12c7f3a568",
              "isHook": false,
              "skipped": false
            }
          ],
          "suites": [],
          "passes": [
            "1dca17cf-7782-40e8-ab5e-cd06a91ab693",
            "fb3ecc81-9abe-43b3-bd72-654d17c69fa8",
            "fbce5a43-ddf7-4ec3-854c-01be31ae13c0"
          ],
          "failures": [],
          "pending": [],
          "skipped": [],
          "duration": 11938,
          "root": false,
          "rootEmpty": false,
          "_timeout": 2000
        },
        {
          "uuid": "8d2b2489-a7da-4f0b-a1dc-aa2dc0749b9b",
          "title": "9 - Crie um botão que, ao ser clicado, limpa o quadro preenchendo a cor de todos seus pixels com branco.",
          "fullFile": "",
          "file": "",
          "beforeHooks": [],
          "afterHooks": [],
          "tests": [
            {
              "title": "Verifica se o botão tem o `id` denominado `clear-board`",
              "fullTitle": "9 - Crie um botão que, ao ser clicado, limpa o quadro preenchendo a cor de todos seus pixels com branco. Verifica se o botão tem o `id` denominado `clear-board`",
              "timedOut": null,
              "duration": 151,
              "state": "passed",
              "speed": "slow",
              "pass": true,
              "fail": false,
              "pending": false,
              "context": null,
              "code": "cy.get('#clear-board').should('be.visible');",
              "err": {},
              "uuid": "99cc01df-bd1f-46db-a760-4dd5d49ead11",
              "parentUUID": "8d2b2489-a7da-4f0b-a1dc-aa2dc0749b9b",
              "isHook": false,
              "skipped": false
            },
            {
              "title": "Verifica se o botão está posicionado entre a paleta de cores e o quadro de pixels",
              "fullTitle": "9 - Crie um botão que, ao ser clicado, limpa o quadro preenchendo a cor de todos seus pixels com branco. Verifica se o botão está posicionado entre a paleta de cores e o quadro de pixels",
              "timedOut": null,
              "duration": 114,
              "state": "passed",
              "speed": "slow",
              "pass": true,
              "fail": false,
              "pending": false,
              "context": null,
              "code": "cy.get('#color-palette').then(function (palette) {\n  cy.get('#clear-board').should('be.belowOf', palette);\n});\ncy.get('#clear-board').then(function (clearBtn) {\n  cy.get('#pixel-board').should('be.belowOf', clearBtn);\n});",
              "err": {},
              "uuid": "eafa5a45-5c07-4200-b0ef-e36a7b1962be",
              "parentUUID": "8d2b2489-a7da-4f0b-a1dc-aa2dc0749b9b",
              "isHook": false,
              "skipped": false
            },
            {
              "title": "Verifica se o texto do botão é 'Limpar'",
              "fullTitle": "9 - Crie um botão que, ao ser clicado, limpa o quadro preenchendo a cor de todos seus pixels com branco. Verifica se o texto do botão é 'Limpar'",
              "timedOut": null,
              "duration": 71,
              "state": "passed",
              "speed": "medium",
              "pass": true,
              "fail": false,
              "pending": false,
              "context": null,
              "code": "cy.get('#clear-board').should('contain.text', 'Limpar');",
              "err": {},
              "uuid": "1c6a4da2-b7d8-46e7-9d76-4676aa65b47d",
              "parentUUID": "8d2b2489-a7da-4f0b-a1dc-aa2dc0749b9b",
              "isHook": false,
              "skipped": false
            },
            {
              "title": "Verifica se ao clicar no botão, o quadro de pixels é totalmente preenchido de branco",
              "fullTitle": "9 - Crie um botão que, ao ser clicado, limpa o quadro preenchendo a cor de todos seus pixels com branco. Verifica se ao clicar no botão, o quadro de pixels é totalmente preenchido de branco",
              "timedOut": null,
              "duration": 2333,
              "state": "passed",
              "speed": "slow",
              "pass": true,
              "fail": false,
              "pending": false,
              "context": null,
              "code": "cy.get('.color').eq(1).then(function (color) {\n  var backgroundColor = color.css('background-color');\n  cy.wrap(color).click();\n  cy.get('.pixel').each(function (pixel) {\n    cy.wrap(pixel).click().should('have.css', 'background-color', backgroundColor);\n  });\n});\ncy.get('#clear-board').click();\ncy.get('.pixel').each(function (pixel) {\n  cy.wrap(pixel).should('have.css', 'background-color', WHITE);\n});",
              "err": {},
              "uuid": "9d812c91-b02c-411c-a6e9-6b6791ba8589",
              "parentUUID": "8d2b2489-a7da-4f0b-a1dc-aa2dc0749b9b",
              "isHook": false,
              "skipped": false
            }
          ],
          "suites": [],
          "passes": [
            "99cc01df-bd1f-46db-a760-4dd5d49ead11",
            "eafa5a45-5c07-4200-b0ef-e36a7b1962be",
            "1c6a4da2-b7d8-46e7-9d76-4676aa65b47d",
            "9d812c91-b02c-411c-a6e9-6b6791ba8589"
          ],
          "failures": [],
          "pending": [],
          "skipped": [],
          "duration": 2669,
          "root": false,
          "rootEmpty": false,
          "_timeout": 2000
        },
        {
          "uuid": "c0b5b754-b12b-40d3-842a-33cb2894dbfa",
          "title": "10 - Faça o quadro de pixels ter seu tamanho definido pelo usuário.",
          "fullFile": "",
          "file": "",
          "beforeHooks": [],
          "afterHooks": [],
          "tests": [
            {
              "title": "Verifica se existe um input com o id `board-size`",
              "fullTitle": "10 - Faça o quadro de pixels ter seu tamanho definido pelo usuário. Verifica se existe um input com o id `board-size`",
              "timedOut": null,
              "duration": 4321,
              "state": "failed",
              "speed": null,
              "pass": false,
              "fail": true,
              "pending": false,
              "context": null,
              "code": "cy.get('#board-size').should('be.visible');",
              "err": {
                "message": "CypressError: Timed out retrying: Expected to find element: '#board-size', but never found it.",
                "estack": "CypressError: Timed out retrying: Expected to find element: '#board-size', but never found it.\n    at cypressErr (http://localhost:41541/__cypress/runner/cypress_runner.js:149934:9)\n    at throwErr (http://localhost:41541/__cypress/runner/cypress_runner.js:149867:11)\n    at Object.throwErrByPath (http://localhost:41541/__cypress/runner/cypress_runner.js:149915:3)\n    at retry (http://localhost:41541/__cypress/runner/cypress_runner.js:144197:19)\n    at onFailFn (http://localhost:41541/__cypress/runner/cypress_runner.js:132448:16)\n    at tryCatcher (http://localhost:41541/__cypress/runner/cypress_runner.js:167415:23)\n    at Promise._settlePromiseFromHandler (http://localhost:41541/__cypress/runner/cypress_runner.js:165351:31)\n    at Promise._settlePromise (http://localhost:41541/__cypress/runner/cypress_runner.js:165408:18)\n    at Promise._settlePromise0 (http://localhost:41541/__cypress/runner/cypress_runner.js:165453:10)\n    at Promise._settlePromises (http://localhost:41541/__cypress/runner/cypress_runner.js:165528:18)\n    at Async../node_modules/bluebird/js/release/async.js.Async._drainQueue (http://localhost:41541/__cypress/runner/cypress_runner.js:162140:16)\n    at Async../node_modules/bluebird/js/release/async.js.Async._drainQueues (http://localhost:41541/__cypress/runner/cypress_runner.js:162150:10)\n    at Async.drainQueues (http://localhost:41541/__cypress/runner/cypress_runner.js:162024:14)",
                "diff": null
              },
              "uuid": "dc534f21-3601-4520-9c09-e81fb787409f",
              "parentUUID": "c0b5b754-b12b-40d3-842a-33cb2894dbfa",
              "isHook": false,
              "skipped": false
            },
            {
              "title": "Verifica se existe um botão com o id `generate-board`",
              "fullTitle": "10 - Faça o quadro de pixels ter seu tamanho definido pelo usuário. Verifica se existe um botão com o id `generate-board`",
              "timedOut": null,
              "duration": 4289,
              "state": "failed",
              "speed": null,
              "pass": false,
              "fail": true,
              "pending": false,
              "context": null,
              "code": "cy.get('#generate-board').should('be.visible');",
              "err": {
                "message": "CypressError: Timed out retrying: Expected to find element: '#generate-board', but never found it.",
                "estack": "CypressError: Timed out retrying: Expected to find element: '#generate-board', but never found it.\n    at cypressErr (http://localhost:41541/__cypress/runner/cypress_runner.js:149934:9)\n    at throwErr (http://localhost:41541/__cypress/runner/cypress_runner.js:149867:11)\n    at Object.throwErrByPath (http://localhost:41541/__cypress/runner/cypress_runner.js:149915:3)\n    at retry (http://localhost:41541/__cypress/runner/cypress_runner.js:144197:19)\n    at onFailFn (http://localhost:41541/__cypress/runner/cypress_runner.js:132448:16)\n    at tryCatcher (http://localhost:41541/__cypress/runner/cypress_runner.js:167415:23)\n    at Promise._settlePromiseFromHandler (http://localhost:41541/__cypress/runner/cypress_runner.js:165351:31)\n    at Promise._settlePromise (http://localhost:41541/__cypress/runner/cypress_runner.js:165408:18)\n    at Promise._settlePromise0 (http://localhost:41541/__cypress/runner/cypress_runner.js:165453:10)\n    at Promise._settlePromises (http://localhost:41541/__cypress/runner/cypress_runner.js:165528:18)\n    at Async../node_modules/bluebird/js/release/async.js.Async._drainQueue (http://localhost:41541/__cypress/runner/cypress_runner.js:162140:16)\n    at Async../node_modules/bluebird/js/release/async.js.Async._drainQueues (http://localhost:41541/__cypress/runner/cypress_runner.js:162150:10)\n    at Async.drainQueues (http://localhost:41541/__cypress/runner/cypress_runner.js:162024:14)",
                "diff": null
              },
              "uuid": "8ca7fcb7-9e57-4763-a121-57b96df0d281",
              "parentUUID": "c0b5b754-b12b-40d3-842a-33cb2894dbfa",
              "isHook": false,
              "skipped": false
            },
            {
              "title": "Verifica se o input só aceita número maiores que zero. Essa restrição deve ser feita usando os atributos do elemento `input`",
              "fullTitle": "10 - Faça o quadro de pixels ter seu tamanho definido pelo usuário. Verifica se o input só aceita número maiores que zero. Essa restrição deve ser feita usando os atributos do elemento `input`",
              "timedOut": null,
              "duration": 4281,
              "state": "failed",
              "speed": null,
              "pass": false,
              "fail": true,
              "pending": false,
              "context": null,
              "code": "cy.get('#board-size[type=\\'number\\'][min=\\'1\\']');",
              "err": {
                "message": "CypressError: Timed out retrying: Expected to find element: '#board-size[type='number'][min='1']', but never found it.",
                "estack": "CypressError: Timed out retrying: Expected to find element: '#board-size[type='number'][min='1']', but never found it.\n    at cypressErr (http://localhost:41541/__cypress/runner/cypress_runner.js:149934:9)\n    at throwErr (http://localhost:41541/__cypress/runner/cypress_runner.js:149867:11)\n    at Object.throwErrByPath (http://localhost:41541/__cypress/runner/cypress_runner.js:149915:3)\n    at retry (http://localhost:41541/__cypress/runner/cypress_runner.js:144197:19)\n    at onFailFn (http://localhost:41541/__cypress/runner/cypress_runner.js:132448:16)\n    at tryCatcher (http://localhost:41541/__cypress/runner/cypress_runner.js:167415:23)\n    at Promise._settlePromiseFromHandler (http://localhost:41541/__cypress/runner/cypress_runner.js:165351:31)\n    at Promise._settlePromise (http://localhost:41541/__cypress/runner/cypress_runner.js:165408:18)\n    at Promise._settlePromise0 (http://localhost:41541/__cypress/runner/cypress_runner.js:165453:10)\n    at Promise._settlePromises (http://localhost:41541/__cypress/runner/cypress_runner.js:165528:18)\n    at Async../node_modules/bluebird/js/release/async.js.Async._drainQueue (http://localhost:41541/__cypress/runner/cypress_runner.js:162140:16)\n    at Async../node_modules/bluebird/js/release/async.js.Async._drainQueues (http://localhost:41541/__cypress/runner/cypress_runner.js:162150:10)\n    at Async.drainQueues (http://localhost:41541/__cypress/runner/cypress_runner.js:162024:14)",
                "diff": null
              },
              "uuid": "b4e06a6f-ec6d-4d54-9988-1a75d7c74f53",
              "parentUUID": "c0b5b754-b12b-40d3-842a-33cb2894dbfa",
              "isHook": false,
              "skipped": false
            },
            {
              "title": "Verifica se o botão contém o texto 'VQV'",
              "fullTitle": "10 - Faça o quadro de pixels ter seu tamanho definido pelo usuário. Verifica se o botão contém o texto 'VQV'",
              "timedOut": null,
              "duration": 4260,
              "state": "failed",
              "speed": null,
              "pass": false,
              "fail": true,
              "pending": false,
              "context": null,
              "code": "cy.get('#generate-board').contains(/vqv/i);",
              "err": {
                "message": "CypressError: Timed out retrying: Expected to find element: '#generate-board', but never found it.",
                "estack": "CypressError: Timed out retrying: Expected to find element: '#generate-board', but never found it.\n    at cypressErr (http://localhost:41541/__cypress/runner/cypress_runner.js:149934:9)\n    at throwErr (http://localhost:41541/__cypress/runner/cypress_runner.js:149867:11)\n    at Object.throwErrByPath (http://localhost:41541/__cypress/runner/cypress_runner.js:149915:3)\n    at retry (http://localhost:41541/__cypress/runner/cypress_runner.js:144197:19)\n    at onFailFn (http://localhost:41541/__cypress/runner/cypress_runner.js:132448:16)\n    at tryCatcher (http://localhost:41541/__cypress/runner/cypress_runner.js:167415:23)\n    at Promise._settlePromiseFromHandler (http://localhost:41541/__cypress/runner/cypress_runner.js:165351:31)\n    at Promise._settlePromise (http://localhost:41541/__cypress/runner/cypress_runner.js:165408:18)\n    at Promise._settlePromise0 (http://localhost:41541/__cypress/runner/cypress_runner.js:165453:10)\n    at Promise._settlePromises (http://localhost:41541/__cypress/runner/cypress_runner.js:165528:18)\n    at Async../node_modules/bluebird/js/release/async.js.Async._drainQueue (http://localhost:41541/__cypress/runner/cypress_runner.js:162140:16)\n    at Async../node_modules/bluebird/js/release/async.js.Async._drainQueues (http://localhost:41541/__cypress/runner/cypress_runner.js:162150:10)\n    at Async.drainQueues (http://localhost:41541/__cypress/runner/cypress_runner.js:162024:14)",
                "diff": null
              },
              "uuid": "590a1f96-cf94-4160-9e74-a21d62cedc9b",
              "parentUUID": "c0b5b754-b12b-40d3-842a-33cb2894dbfa",
              "isHook": false,
              "skipped": false
            },
            {
              "title": "Verifica se o input está posicionado entre a paleta de cores e o quadro de pixels",
              "fullTitle": "10 - Faça o quadro de pixels ter seu tamanho definido pelo usuário. Verifica se o input está posicionado entre a paleta de cores e o quadro de pixels",
              "timedOut": null,
              "duration": 4258,
              "state": "failed",
              "speed": null,
              "pass": false,
              "fail": true,
              "pending": false,
              "context": null,
              "code": "cy.get('#color-palette').then(function (palette) {\n  cy.get('#board-size').should('be.belowOf', palette);\n});\ncy.get('#board-size').then(function (palette) {\n  cy.get('#pixel-board').should('be.belowOf', palette);\n});",
              "err": {
                "message": "CypressError: Timed out retrying: Expected to find element: '#board-size', but never found it.",
                "estack": "CypressError: Timed out retrying: Expected to find element: '#board-size', but never found it.\n    at cypressErr (http://localhost:41541/__cypress/runner/cypress_runner.js:149934:9)\n    at throwErr (http://localhost:41541/__cypress/runner/cypress_runner.js:149867:11)\n    at Object.throwErrByPath (http://localhost:41541/__cypress/runner/cypress_runner.js:149915:3)\n    at retry (http://localhost:41541/__cypress/runner/cypress_runner.js:144197:19)\n    at onFailFn (http://localhost:41541/__cypress/runner/cypress_runner.js:132448:16)\n    at tryCatcher (http://localhost:41541/__cypress/runner/cypress_runner.js:167415:23)\n    at Promise._settlePromiseFromHandler (http://localhost:41541/__cypress/runner/cypress_runner.js:165351:31)\n    at Promise._settlePromise (http://localhost:41541/__cypress/runner/cypress_runner.js:165408:18)\n    at Promise._settlePromise0 (http://localhost:41541/__cypress/runner/cypress_runner.js:165453:10)\n    at Promise._settlePromises (http://localhost:41541/__cypress/runner/cypress_runner.js:165528:18)\n    at Async../node_modules/bluebird/js/release/async.js.Async._drainQueue (http://localhost:41541/__cypress/runner/cypress_runner.js:162140:16)\n    at Async../node_modules/bluebird/js/release/async.js.Async._drainQueues (http://localhost:41541/__cypress/runner/cypress_runner.js:162150:10)\n    at Async.drainQueues (http://localhost:41541/__cypress/runner/cypress_runner.js:162024:14)",
                "diff": null
              },
              "uuid": "25ebe225-cc92-4148-9691-377a6c888955",
              "parentUUID": "c0b5b754-b12b-40d3-842a-33cb2894dbfa",
              "isHook": false,
              "skipped": false
            },
            {
              "title": "Verifica se o botão está posicionado ao lado do input",
              "fullTitle": "10 - Faça o quadro de pixels ter seu tamanho definido pelo usuário. Verifica se o botão está posicionado ao lado do input",
              "timedOut": null,
              "duration": 4296,
              "state": "failed",
              "speed": null,
              "pass": false,
              "fail": true,
              "pending": false,
              "context": null,
              "code": "cy.get('#board-size').then(function (board) {\n  cy.get('#generate-board').should('be.onTheRightOf', board);\n});",
              "err": {
                "message": "CypressError: Timed out retrying: Expected to find element: '#board-size', but never found it.",
                "estack": "CypressError: Timed out retrying: Expected to find element: '#board-size', but never found it.\n    at cypressErr (http://localhost:41541/__cypress/runner/cypress_runner.js:149934:9)\n    at throwErr (http://localhost:41541/__cypress/runner/cypress_runner.js:149867:11)\n    at Object.throwErrByPath (http://localhost:41541/__cypress/runner/cypress_runner.js:149915:3)\n    at retry (http://localhost:41541/__cypress/runner/cypress_runner.js:144197:19)\n    at onFailFn (http://localhost:41541/__cypress/runner/cypress_runner.js:132448:16)\n    at tryCatcher (http://localhost:41541/__cypress/runner/cypress_runner.js:167415:23)\n    at Promise._settlePromiseFromHandler (http://localhost:41541/__cypress/runner/cypress_runner.js:165351:31)\n    at Promise._settlePromise (http://localhost:41541/__cypress/runner/cypress_runner.js:165408:18)\n    at Promise._settlePromise0 (http://localhost:41541/__cypress/runner/cypress_runner.js:165453:10)\n    at Promise._settlePromises (http://localhost:41541/__cypress/runner/cypress_runner.js:165528:18)\n    at Async../node_modules/bluebird/js/release/async.js.Async._drainQueue (http://localhost:41541/__cypress/runner/cypress_runner.js:162140:16)\n    at Async../node_modules/bluebird/js/release/async.js.Async._drainQueues (http://localhost:41541/__cypress/runner/cypress_runner.js:162150:10)\n    at Async.drainQueues (http://localhost:41541/__cypress/runner/cypress_runner.js:162024:14)",
                "diff": null
              },
              "uuid": "68e87f49-e9e9-457d-a326-3c5fb04d7920",
              "parentUUID": "c0b5b754-b12b-40d3-842a-33cb2894dbfa",
              "isHook": false,
              "skipped": false
            },
            {
              "title": "Verifica se nenhum valor for colocado no input ao clicar no botão, um `alert` é exibido com o texto: 'Board inválido!'",
              "fullTitle": "10 - Faça o quadro de pixels ter seu tamanho definido pelo usuário. Verifica se nenhum valor for colocado no input ao clicar no botão, um `alert` é exibido com o texto: 'Board inválido!'",
              "timedOut": null,
              "duration": 4252,
              "state": "failed",
              "speed": null,
              "pass": false,
              "fail": true,
              "pending": false,
              "context": null,
              "code": "var alerted = false;\ncy.on('window:alert', function (msg) {\n  return alerted = msg;\n});\ncy.get('#generate-board').click().then(function () {\n  return expect(alerted).to.match(/Board inválido!/i);\n});",
              "err": {
                "message": "CypressError: Timed out retrying: Expected to find element: '#generate-board', but never found it.",
                "estack": "CypressError: Timed out retrying: Expected to find element: '#generate-board', but never found it.\n    at cypressErr (http://localhost:41541/__cypress/runner/cypress_runner.js:149934:9)\n    at throwErr (http://localhost:41541/__cypress/runner/cypress_runner.js:149867:11)\n    at Object.throwErrByPath (http://localhost:41541/__cypress/runner/cypress_runner.js:149915:3)\n    at retry (http://localhost:41541/__cypress/runner/cypress_runner.js:144197:19)\n    at onFailFn (http://localhost:41541/__cypress/runner/cypress_runner.js:132448:16)\n    at tryCatcher (http://localhost:41541/__cypress/runner/cypress_runner.js:167415:23)\n    at Promise._settlePromiseFromHandler (http://localhost:41541/__cypress/runner/cypress_runner.js:165351:31)\n    at Promise._settlePromise (http://localhost:41541/__cypress/runner/cypress_runner.js:165408:18)\n    at Promise._settlePromise0 (http://localhost:41541/__cypress/runner/cypress_runner.js:165453:10)\n    at Promise._settlePromises (http://localhost:41541/__cypress/runner/cypress_runner.js:165528:18)\n    at Async../node_modules/bluebird/js/release/async.js.Async._drainQueue (http://localhost:41541/__cypress/runner/cypress_runner.js:162140:16)\n    at Async../node_modules/bluebird/js/release/async.js.Async._drainQueues (http://localhost:41541/__cypress/runner/cypress_runner.js:162150:10)\n    at Async.drainQueues (http://localhost:41541/__cypress/runner/cypress_runner.js:162024:14)",
                "diff": null
              },
              "uuid": "03d90d31-9c5a-4b41-91cd-1d88769abe3d",
              "parentUUID": "c0b5b754-b12b-40d3-842a-33cb2894dbfa",
              "isHook": false,
              "skipped": false
            },
            {
              "title": "Verifica se ao clicar no botão com um valor preenchido, o tamanho do board muda.",
              "fullTitle": "10 - Faça o quadro de pixels ter seu tamanho definido pelo usuário. Verifica se ao clicar no botão com um valor preenchido, o tamanho do board muda.",
              "timedOut": null,
              "duration": 4256,
              "state": "failed",
              "speed": null,
              "pass": false,
              "fail": true,
              "pending": false,
              "context": null,
              "code": "cy.get('#board-size').clear().type(10);\ncy.get('#generate-board').click();\ncy.get('.pixel').should('have.length', 100);",
              "err": {
                "message": "CypressError: Timed out retrying: Expected to find element: '#board-size', but never found it.",
                "estack": "CypressError: Timed out retrying: Expected to find element: '#board-size', but never found it.\n    at cypressErr (http://localhost:41541/__cypress/runner/cypress_runner.js:149934:9)\n    at throwErr (http://localhost:41541/__cypress/runner/cypress_runner.js:149867:11)\n    at Object.throwErrByPath (http://localhost:41541/__cypress/runner/cypress_runner.js:149915:3)\n    at retry (http://localhost:41541/__cypress/runner/cypress_runner.js:144197:19)\n    at onFailFn (http://localhost:41541/__cypress/runner/cypress_runner.js:132448:16)\n    at tryCatcher (http://localhost:41541/__cypress/runner/cypress_runner.js:167415:23)\n    at Promise._settlePromiseFromHandler (http://localhost:41541/__cypress/runner/cypress_runner.js:165351:31)\n    at Promise._settlePromise (http://localhost:41541/__cypress/runner/cypress_runner.js:165408:18)\n    at Promise._settlePromise0 (http://localhost:41541/__cypress/runner/cypress_runner.js:165453:10)\n    at Promise._settlePromises (http://localhost:41541/__cypress/runner/cypress_runner.js:165528:18)\n    at Async../node_modules/bluebird/js/release/async.js.Async._drainQueue (http://localhost:41541/__cypress/runner/cypress_runner.js:162140:16)\n    at Async../node_modules/bluebird/js/release/async.js.Async._drainQueues (http://localhost:41541/__cypress/runner/cypress_runner.js:162150:10)\n    at Async.drainQueues (http://localhost:41541/__cypress/runner/cypress_runner.js:162024:14)",
                "diff": null
              },
              "uuid": "63623684-d9d0-441a-8cd7-29d8b0eb892b",
              "parentUUID": "c0b5b754-b12b-40d3-842a-33cb2894dbfa",
              "isHook": false,
              "skipped": false
            },
            {
              "title": "Verifica se o novo quadro tem todos os pixels preenchidos com a cor branca",
              "fullTitle": "10 - Faça o quadro de pixels ter seu tamanho definido pelo usuário. Verifica se o novo quadro tem todos os pixels preenchidos com a cor branca",
              "timedOut": null,
              "duration": 4264,
              "state": "failed",
              "speed": null,
              "pass": false,
              "fail": true,
              "pending": false,
              "context": null,
              "code": "cy.get('#board-size').clear().type(6);\ncy.get('#generate-board').click();\ncy.get('.pixel').should('have.length', 36).each(function (pixel) {\n  expect(pixel).to.have.css('background-color', WHITE);\n});",
              "err": {
                "message": "CypressError: Timed out retrying: Expected to find element: '#board-size', but never found it.",
                "estack": "CypressError: Timed out retrying: Expected to find element: '#board-size', but never found it.\n    at cypressErr (http://localhost:41541/__cypress/runner/cypress_runner.js:149934:9)\n    at throwErr (http://localhost:41541/__cypress/runner/cypress_runner.js:149867:11)\n    at Object.throwErrByPath (http://localhost:41541/__cypress/runner/cypress_runner.js:149915:3)\n    at retry (http://localhost:41541/__cypress/runner/cypress_runner.js:144197:19)\n    at onFailFn (http://localhost:41541/__cypress/runner/cypress_runner.js:132448:16)\n    at tryCatcher (http://localhost:41541/__cypress/runner/cypress_runner.js:167415:23)\n    at Promise._settlePromiseFromHandler (http://localhost:41541/__cypress/runner/cypress_runner.js:165351:31)\n    at Promise._settlePromise (http://localhost:41541/__cypress/runner/cypress_runner.js:165408:18)\n    at Promise._settlePromise0 (http://localhost:41541/__cypress/runner/cypress_runner.js:165453:10)\n    at Promise._settlePromises (http://localhost:41541/__cypress/runner/cypress_runner.js:165528:18)\n    at Async../node_modules/bluebird/js/release/async.js.Async._drainQueue (http://localhost:41541/__cypress/runner/cypress_runner.js:162140:16)\n    at Async../node_modules/bluebird/js/release/async.js.Async._drainQueues (http://localhost:41541/__cypress/runner/cypress_runner.js:162150:10)\n    at Async.drainQueues (http://localhost:41541/__cypress/runner/cypress_runner.js:162024:14)",
                "diff": null
              },
              "uuid": "006c71e2-cf43-47eb-9fe8-4e16533b34be",
              "parentUUID": "c0b5b754-b12b-40d3-842a-33cb2894dbfa",
              "isHook": false,
              "skipped": false
            }
          ],
          "suites": [],
          "passes": [],
          "failures": [
            "dc534f21-3601-4520-9c09-e81fb787409f",
            "8ca7fcb7-9e57-4763-a121-57b96df0d281",
            "b4e06a6f-ec6d-4d54-9988-1a75d7c74f53",
            "590a1f96-cf94-4160-9e74-a21d62cedc9b",
            "25ebe225-cc92-4148-9691-377a6c888955",
            "68e87f49-e9e9-457d-a326-3c5fb04d7920",
            "03d90d31-9c5a-4b41-91cd-1d88769abe3d",
            "63623684-d9d0-441a-8cd7-29d8b0eb892b",
            "006c71e2-cf43-47eb-9fe8-4e16533b34be"
          ],
          "pending": [],
          "skipped": [],
          "duration": 38477,
          "root": false,
          "rootEmpty": false,
          "_timeout": 2000
        },
        {
          "uuid": "dacf8055-42e7-494d-b5c0-c86a7a46e570",
          "title": "11 - Limite o tamanho mínimo e máximo do board.",
          "fullFile": "",
          "file": "",
          "beforeHooks": [],
          "afterHooks": [],
          "tests": [
            {
              "title": "Verifica se a altura máxima do board é 50",
              "fullTitle": "11 - Limite o tamanho mínimo e máximo do board. Verifica se a altura máxima do board é 50",
              "timedOut": null,
              "duration": 4304,
              "state": "failed",
              "speed": null,
              "pass": false,
              "fail": true,
              "pending": false,
              "context": null,
              "code": "cy.get('#board-size').clear().type(50);\ncy.get('#generate-board').click();\ncy.get('.pixel').should('have.length', 2500);",
              "err": {
                "message": "CypressError: Timed out retrying: Expected to find element: '#board-size', but never found it.",
                "estack": "CypressError: Timed out retrying: Expected to find element: '#board-size', but never found it.\n    at cypressErr (http://localhost:41541/__cypress/runner/cypress_runner.js:149934:9)\n    at throwErr (http://localhost:41541/__cypress/runner/cypress_runner.js:149867:11)\n    at Object.throwErrByPath (http://localhost:41541/__cypress/runner/cypress_runner.js:149915:3)\n    at retry (http://localhost:41541/__cypress/runner/cypress_runner.js:144197:19)\n    at onFailFn (http://localhost:41541/__cypress/runner/cypress_runner.js:132448:16)\n    at tryCatcher (http://localhost:41541/__cypress/runner/cypress_runner.js:167415:23)\n    at Promise._settlePromiseFromHandler (http://localhost:41541/__cypress/runner/cypress_runner.js:165351:31)\n    at Promise._settlePromise (http://localhost:41541/__cypress/runner/cypress_runner.js:165408:18)\n    at Promise._settlePromise0 (http://localhost:41541/__cypress/runner/cypress_runner.js:165453:10)\n    at Promise._settlePromises (http://localhost:41541/__cypress/runner/cypress_runner.js:165528:18)\n    at Async../node_modules/bluebird/js/release/async.js.Async._drainQueue (http://localhost:41541/__cypress/runner/cypress_runner.js:162140:16)\n    at Async../node_modules/bluebird/js/release/async.js.Async._drainQueues (http://localhost:41541/__cypress/runner/cypress_runner.js:162150:10)\n    at Async.drainQueues (http://localhost:41541/__cypress/runner/cypress_runner.js:162024:14)",
                "diff": null
              },
              "uuid": "0b2445ee-f334-4de5-ba9a-395b618194a0",
              "parentUUID": "dacf8055-42e7-494d-b5c0-c86a7a46e570",
              "isHook": false,
              "skipped": false
            },
            {
              "title": "Verifica se a altura do board é 5 quando um valor menor é colocado no input",
              "fullTitle": "11 - Limite o tamanho mínimo e máximo do board. Verifica se a altura do board é 5 quando um valor menor é colocado no input",
              "timedOut": null,
              "duration": 4259,
              "state": "failed",
              "speed": null,
              "pass": false,
              "fail": true,
              "pending": false,
              "context": null,
              "code": "cy.get('#board-size').clear().type(4);\ncy.get('#generate-board').click();\ncy.get('.pixel').should('have.length', 25);",
              "err": {
                "message": "CypressError: Timed out retrying: Expected to find element: '#board-size', but never found it.",
                "estack": "CypressError: Timed out retrying: Expected to find element: '#board-size', but never found it.\n    at cypressErr (http://localhost:41541/__cypress/runner/cypress_runner.js:149934:9)\n    at throwErr (http://localhost:41541/__cypress/runner/cypress_runner.js:149867:11)\n    at Object.throwErrByPath (http://localhost:41541/__cypress/runner/cypress_runner.js:149915:3)\n    at retry (http://localhost:41541/__cypress/runner/cypress_runner.js:144197:19)\n    at onFailFn (http://localhost:41541/__cypress/runner/cypress_runner.js:132448:16)\n    at tryCatcher (http://localhost:41541/__cypress/runner/cypress_runner.js:167415:23)\n    at Promise._settlePromiseFromHandler (http://localhost:41541/__cypress/runner/cypress_runner.js:165351:31)\n    at Promise._settlePromise (http://localhost:41541/__cypress/runner/cypress_runner.js:165408:18)\n    at Promise._settlePromise0 (http://localhost:41541/__cypress/runner/cypress_runner.js:165453:10)\n    at Promise._settlePromises (http://localhost:41541/__cypress/runner/cypress_runner.js:165528:18)\n    at Async../node_modules/bluebird/js/release/async.js.Async._drainQueue (http://localhost:41541/__cypress/runner/cypress_runner.js:162140:16)\n    at Async../node_modules/bluebird/js/release/async.js.Async._drainQueues (http://localhost:41541/__cypress/runner/cypress_runner.js:162150:10)\n    at Async.drainQueues (http://localhost:41541/__cypress/runner/cypress_runner.js:162024:14)",
                "diff": null
              },
              "uuid": "29bc2c24-2b45-4325-8332-3da51de9269a",
              "parentUUID": "dacf8055-42e7-494d-b5c0-c86a7a46e570",
              "isHook": false,
              "skipped": false
            },
            {
              "title": "Verifica se a altura do board é 50 quando um valor maior é colocado no input",
              "fullTitle": "11 - Limite o tamanho mínimo e máximo do board. Verifica se a altura do board é 50 quando um valor maior é colocado no input",
              "timedOut": null,
              "duration": 4262,
              "state": "failed",
              "speed": null,
              "pass": false,
              "fail": true,
              "pending": false,
              "context": null,
              "code": "cy.get('#board-size').clear().type(51);\ncy.get('#generate-board').click();\ncy.get('.pixel').should('have.length', 2500);",
              "err": {
                "message": "CypressError: Timed out retrying: Expected to find element: '#board-size', but never found it.",
                "estack": "CypressError: Timed out retrying: Expected to find element: '#board-size', but never found it.\n    at cypressErr (http://localhost:41541/__cypress/runner/cypress_runner.js:149934:9)\n    at throwErr (http://localhost:41541/__cypress/runner/cypress_runner.js:149867:11)\n    at Object.throwErrByPath (http://localhost:41541/__cypress/runner/cypress_runner.js:149915:3)\n    at retry (http://localhost:41541/__cypress/runner/cypress_runner.js:144197:19)\n    at onFailFn (http://localhost:41541/__cypress/runner/cypress_runner.js:132448:16)\n    at tryCatcher (http://localhost:41541/__cypress/runner/cypress_runner.js:167415:23)\n    at Promise._settlePromiseFromHandler (http://localhost:41541/__cypress/runner/cypress_runner.js:165351:31)\n    at Promise._settlePromise (http://localhost:41541/__cypress/runner/cypress_runner.js:165408:18)\n    at Promise._settlePromise0 (http://localhost:41541/__cypress/runner/cypress_runner.js:165453:10)\n    at Promise._settlePromises (http://localhost:41541/__cypress/runner/cypress_runner.js:165528:18)\n    at Async../node_modules/bluebird/js/release/async.js.Async._drainQueue (http://localhost:41541/__cypress/runner/cypress_runner.js:162140:16)\n    at Async../node_modules/bluebird/js/release/async.js.Async._drainQueues (http://localhost:41541/__cypress/runner/cypress_runner.js:162150:10)\n    at Async.drainQueues (http://localhost:41541/__cypress/runner/cypress_runner.js:162024:14)",
                "diff": null
              },
              "uuid": "c2b105f2-781b-4c26-a91a-41f9687d17bb",
              "parentUUID": "dacf8055-42e7-494d-b5c0-c86a7a46e570",
              "isHook": false,
              "skipped": false
            }
          ],
          "suites": [],
          "passes": [],
          "failures": [
            "0b2445ee-f334-4de5-ba9a-395b618194a0",
            "29bc2c24-2b45-4325-8332-3da51de9269a",
            "c2b105f2-781b-4c26-a91a-41f9687d17bb"
          ],
          "pending": [],
          "skipped": [],
          "duration": 12825,
          "root": false,
          "rootEmpty": false,
          "_timeout": 2000
        },
        {
          "uuid": "f4ad7ca5-b471-401f-aca5-d1f0004adc70",
          "title": "12 - Faça com que as cores da paleta sejam geradas aleatoriamente ao carregar a página.",
          "fullFile": "",
          "file": "",
          "beforeHooks": [],
          "afterHooks": [],
          "tests": [
            {
              "title": "Verifica se as cores geradas na paleta são diferentes a cada carregamento da página",
              "fullTitle": "12 - Faça com que as cores da paleta sejam geradas aleatoriamente ao carregar a página. Verifica se as cores geradas na paleta são diferentes a cada carregamento da página",
              "timedOut": null,
              "duration": 400,
              "state": "failed",
              "speed": null,
              "pass": false,
              "fail": true,
              "pending": false,
              "context": null,
              "code": "cy.get('.color').then(function (colors) {\n  var currentColors;\n  var previousColors;\n  previousColors = Array.from(colors).map(function (color) {\n    return Cypress.$(color).css('background-color');\n  });\n  for (var i = 0; i < 5; i += 1) {\n    cy.reload();\n    cy.get('.color').then(function (colors) {\n      currentColors = Array.from(colors).map(function (color) {\n        return Cypress.$(color).css('background-color');\n      });\n      expect(currentColors).not.to.deep.equal(previousColors);\n      previousColors = currentColors;\n    });\n  }\n});",
              "err": {
                "message": "AssertionError: expected [ Array(4) ] to not deeply equal [ Array(4) ]",
                "estack": "AssertionError: expected [ Array(4) ] to not deeply equal [ Array(4) ]\n    at getRet (http://localhost:41541/__cypress/runner/cypress_runner.js:136585:16)\n    at tryCatcher (http://localhost:41541/__cypress/runner/cypress_runner.js:167415:23)\n    at Function.Promise.attempt.Promise.try (http://localhost:41541/__cypress/runner/cypress_runner.js:164690:29)\n    at Context.thenFn (http://localhost:41541/__cypress/runner/cypress_runner.js:136599:23)\n    at Context.then (http://localhost:41541/__cypress/runner/cypress_runner.js:136971:21)\n    at Context.<anonymous> (http://localhost:41541/__cypress/runner/cypress_runner.js:148875:21)\n    at http://localhost:41541/__cypress/runner/cypress_runner.js:148351:33\n    at tryCatcher (http://localhost:41541/__cypress/runner/cypress_runner.js:167415:23)\n    at Promise._settlePromiseFromHandler (http://localhost:41541/__cypress/runner/cypress_runner.js:165351:31)\n    at Promise._settlePromise (http://localhost:41541/__cypress/runner/cypress_runner.js:165408:18)\n    at Promise._settlePromiseCtx (http://localhost:41541/__cypress/runner/cypress_runner.js:165445:10)\n    at Async../node_modules/bluebird/js/release/async.js.Async._drainQueue (http://localhost:41541/__cypress/runner/cypress_runner.js:162145:12)\n    at Async../node_modules/bluebird/js/release/async.js.Async._drainQueues (http://localhost:41541/__cypress/runner/cypress_runner.js:162150:10)\n    at Async.drainQueues (http://localhost:41541/__cypress/runner/cypress_runner.js:162024:14)",
                "diff": ""
              },
              "uuid": "14616999-80a0-4aa3-8d86-a8db4f73d2ef",
              "parentUUID": "f4ad7ca5-b471-401f-aca5-d1f0004adc70",
              "isHook": false,
              "skipped": false
            },
            {
              "title": "Verifica se a cor preta ainda está presente e é a primeira na sua paleta de cores",
              "fullTitle": "12 - Faça com que as cores da paleta sejam geradas aleatoriamente ao carregar a página. Verifica se a cor preta ainda está presente e é a primeira na sua paleta de cores",
              "timedOut": null,
              "duration": 343,
              "state": "failed",
              "speed": null,
              "pass": false,
              "fail": true,
              "pending": false,
              "context": null,
              "code": "cy.get('.color').then(function (colors) {\n  var currentColors;\n  var previousColors;\n  previousColors = Array.from(colors).map(function (color) {\n    return Cypress.$(color).css('background-color');\n  });\n  expect(previousColors[0]).to.eq(BLACK);\n  for (var i = 0; i < 5; i += 1) {\n    cy.reload();\n    cy.get('.color').then(function (colors) {\n      currentColors = Array.from(colors).map(function (color) {\n        return Cypress.$(color).css('background-color');\n      });\n      expect(currentColors[0]).to.eq(BLACK);\n      expect(currentColors).not.to.deep.equal(previousColors);\n      previousColors = currentColors;\n    });\n  }\n});",
              "err": {
                "message": "AssertionError: expected [ Array(4) ] to not deeply equal [ Array(4) ]",
                "estack": "AssertionError: expected [ Array(4) ] to not deeply equal [ Array(4) ]\n    at getRet (http://localhost:41541/__cypress/runner/cypress_runner.js:136585:16)\n    at tryCatcher (http://localhost:41541/__cypress/runner/cypress_runner.js:167415:23)\n    at Function.Promise.attempt.Promise.try (http://localhost:41541/__cypress/runner/cypress_runner.js:164690:29)\n    at Context.thenFn (http://localhost:41541/__cypress/runner/cypress_runner.js:136599:23)\n    at Context.then (http://localhost:41541/__cypress/runner/cypress_runner.js:136971:21)\n    at Context.<anonymous> (http://localhost:41541/__cypress/runner/cypress_runner.js:148875:21)\n    at http://localhost:41541/__cypress/runner/cypress_runner.js:148351:33\n    at tryCatcher (http://localhost:41541/__cypress/runner/cypress_runner.js:167415:23)\n    at Promise._settlePromiseFromHandler (http://localhost:41541/__cypress/runner/cypress_runner.js:165351:31)\n    at Promise._settlePromise (http://localhost:41541/__cypress/runner/cypress_runner.js:165408:18)\n    at Promise._settlePromiseCtx (http://localhost:41541/__cypress/runner/cypress_runner.js:165445:10)\n    at Async../node_modules/bluebird/js/release/async.js.Async._drainQueue (http://localhost:41541/__cypress/runner/cypress_runner.js:162145:12)\n    at Async../node_modules/bluebird/js/release/async.js.Async._drainQueues (http://localhost:41541/__cypress/runner/cypress_runner.js:162150:10)\n    at Async.drainQueues (http://localhost:41541/__cypress/runner/cypress_runner.js:162024:14)",
                "diff": ""
              },
              "uuid": "b58d5c5a-e559-4b07-a50d-12d285d6f846",
              "parentUUID": "f4ad7ca5-b471-401f-aca5-d1f0004adc70",
              "isHook": false,
              "skipped": false
            }
          ],
          "suites": [],
          "passes": [],
          "failures": [
            "14616999-80a0-4aa3-8d86-a8db4f73d2ef",
            "b58d5c5a-e559-4b07-a50d-12d285d6f846"
          ],
          "pending": [],
          "skipped": [],
          "duration": 743,
          "root": false,
          "rootEmpty": false,
          "_timeout": 2000
        }
      ],
      "passes": [],
      "failures": [],
      "pending": [],
      "skipped": [],
      "duration": 0,
      "root": true,
      "rootEmpty": true,
      "_timeout": 2000
    }
  ],
  "meta": {
    "mocha": {
      "version": "7.0.1"
    },
    "mochawesome": {
      "options": {
        "quiet": false,
        "reportFilename": "mochawesome",
        "saveHtml": false,
        "saveJson": true,
        "consoleReporter": "spec",
        "useInlineDiffs": false
      },
      "version": "4.1.0"
    },
    "marge": {
      "options": {
        "id": "default",
        "reportDir": "cypress/reports",
        "overwrite": true,
        "html": false,
        "json": true
      },
      "version": "4.1.0"
    }
  }
}